<?xml version="1.0" encoding="UTF-8"?>
<testng-results skipped="0" failed="0" ignored="0" total="3" passed="3">
  <reporter-output>
  </reporter-output>
  <suite name="Command line suite" duration-ms="5481" started-at="2021-01-11T16:48:41 SGT" finished-at="2021-01-11T16:48:46 SGT">
    <groups>
    </groups>
    <test name="Command line test" duration-ms="5481" started-at="2021-01-11T16:48:41 SGT" finished-at="2021-01-11T16:48:46 SGT">
      <class name="testCases.TestRest1">
        <test-method status="PASS" signature="GetBookingIds_VerifyStatusCode()[pri:0, instance:testCases.TestRest1@3e6fa38a]" name="GetBookingIds_VerifyStatusCode" duration-ms="3966" started-at="2021-01-11T16:48:41 SGT" finished-at="2021-01-11T16:48:45 SGT">
          <reporter-output>
          </reporter-output>
        </test-method> <!-- GetBookingIds_VerifyStatusCode -->
        <test-method status="PASS" signature="GetSpecificElementValue()[pri:0, instance:testCases.TestRest1@3e6fa38a]" name="GetSpecificElementValue" duration-ms="1060" started-at="2021-01-11T16:48:45 SGT" finished-at="2021-01-11T16:48:46 SGT">
          <reporter-output>
          </reporter-output>
        </test-method> <!-- GetSpecificElementValue -->
        <test-method status="PASS" signature="Gettest()[pri:0, instance:testCases.TestRest1@3e6fa38a]" name="Gettest" duration-ms="393" started-at="2021-01-11T16:48:46 SGT" finished-at="2021-01-11T16:48:46 SGT">
          <reporter-output>
          </reporter-output>
        </test-method> <!-- Gettest -->
      </class> <!-- testCases.TestRest1 -->
    </test> <!-- Command line test -->
  </suite> <!-- Command line suite -->
</testng-results>
