<?xml version="1.0" encoding="UTF-8"?>
<testng-results skipped="0" failed="0" ignored="0" total="0" passed="0">
  <reporter-output>
  </reporter-output>
  <suite name="testConcepts.TestStaticMembers" duration-ms="7" started-at="2021-01-11T14:37:34 SGT" finished-at="2021-01-11T14:37:34 SGT">
    <groups>
    </groups>
    <test name="Command line test" duration-ms="7" started-at="2021-01-11T14:37:34 SGT" finished-at="2021-01-11T14:37:34 SGT">
    </test> <!-- Command line test -->
  </suite> <!-- testConcepts.TestStaticMembers -->
</testng-results>
